[debug] [2019-12-20T03:03:00.513Z] ----------------------------------------------------------------------
[debug] [2019-12-20T03:03:00.515Z] Command:       C:\Program Files\nodejs\node.exe C:\Users\user\AppData\Roaming\npm\node_modules\firebase-tools\lib\bin\firebase.js deploy --only functions
[debug] [2019-12-20T03:03:00.515Z] CLI Version:   7.11.0
[debug] [2019-12-20T03:03:00.515Z] Platform:      win32
[debug] [2019-12-20T03:03:00.515Z] Node Version:  v12.14.0
[debug] [2019-12-20T03:03:00.516Z] Time:          Fri Dec 20 2019 11:03:00 GMT+0800 (GMT+08:00)
[debug] [2019-12-20T03:03:00.516Z] ----------------------------------------------------------------------
[debug] [2019-12-20T03:03:00.516Z] 
[debug] [2019-12-20T03:03:00.523Z] > command requires scopes: ["email","openid","https://www.googleapis.com/auth/cloudplatformprojects.readonly","https://www.googleapis.com/auth/firebase","https://www.googleapis.com/auth/cloud-platform"]
[debug] [2019-12-20T03:03:00.524Z] > authorizing via signed-in user
[debug] [2019-12-20T03:03:00.525Z] [iam] checking project pthg-6750e for permissions ["cloudfunctions.functions.create","cloudfunctions.functions.delete","cloudfunctions.functions.get","cloudfunctions.functions.list","cloudfunctions.functions.update","cloudfunctions.operations.get","firebase.projects.get"]
[debug] [2019-12-20T03:03:00.526Z] >>> HTTP REQUEST POST https://cloudresourcemanager.googleapis.com/v1/projects/pthg-6750e:testIamPermissions  

[debug] [2019-12-20T03:03:01.486Z] <<< HTTP RESPONSE 200
[info] 
[info] === Deploying to 'pthg-6750e'...
[info] 
[info] i  deploying functions
[debug] [2019-12-20T03:03:03.477Z] > [functions] package.json contents: {
  "name": "functions",
  "description": "Cloud Functions for Firebase",
  "scripts": {
    "serve": "firebase serve --only functions",
    "shell": "firebase functions:shell",
    "start": "npm run shell",
    "deploy": "firebase deploy --only functions",
    "logs": "firebase functions:log"
  },
  "engines": {
    "node": "8"
  },
  "dependencies": {
    "firebase-admin": "^8.6.0",
    "firebase-functions": "^3.3.0"
  },
  "devDependencies": {
    "firebase-functions-test": "^0.1.6"
  },
  "private": true
}
[info] i  functions: ensuring necessary APIs are enabled...
[debug] [2019-12-20T03:03:03.478Z] >>> HTTP REQUEST GET https://serviceusage.googleapis.com/v1/projects/pthg-6750e/services/cloudfunctions.googleapis.com  
 
[debug] [2019-12-20T03:03:03.478Z] >>> HTTP REQUEST GET https://serviceusage.googleapis.com/v1/projects/pthg-6750e/services/runtimeconfig.googleapis.com  
 
[debug] [2019-12-20T03:03:04.709Z] <<< HTTP RESPONSE 200
[debug] [2019-12-20T03:03:04.714Z] <<< HTTP RESPONSE 200
[info] +  functions: all necessary APIs are enabled
[debug] [2019-12-20T03:03:04.717Z] >>> HTTP REQUEST GET https://firebase.googleapis.com/v1beta1/projects/pthg-6750e/adminSdkConfig  
 
[debug] [2019-12-20T03:03:05.387Z] <<< HTTP RESPONSE 200
[info] i  functions: preparing functions directory for uploading...
[debug] [2019-12-20T03:03:05.391Z] >>> HTTP REQUEST GET https://runtimeconfig.googleapis.com/v1beta1/projects/pthg-6750e/configs  
 
[debug] [2019-12-20T03:03:05.715Z] <<< HTTP RESPONSE 200
[info] i  functions: packaged functions (26.65 KB) for uploading
[debug] [2019-12-20T03:03:05.872Z] >>> HTTP REQUEST POST https://cloudfunctions.googleapis.com/v1/projects/pthg-6750e/locations/us-central1/functions:generateUploadUrl  
 
[debug] [2019-12-20T03:03:06.472Z] <<< HTTP RESPONSE 200
[debug] [2019-12-20T03:03:06.473Z] >>> HTTP REQUEST PUT https://storage.googleapis.com/gcf-upload-us-central1-a1361034-5211-46a0-932c-825b1122242d/0288a88d-4194-46ee-a50d-2b04fd508d14.zip?GoogleAccessId=service-961587834250@gcf-admin-robot.iam.gserviceaccount.com&Expires=1576812784&Signature=kL0pSxjgppnx9ZerfgmFucSYJq1oDGFljC%2FztzU44uY5i%2F%2FyN%2FzI%2BawhhVGnDpllxN4TNQN5HqCzPsVyl3qMDsu8NQ7KT%2FWMF%2B6OS874djyPiHgRmRUlmueyZ5lIE43cn2exWNpvYG4X5MNETiYzB%2FPiT6aNs9SFvTyW9Hl5ZgWDx2TRwi4CFiCXCR3WMeTM%2BSHAR96rxpkJQ7e876lQ0iHWHP8c6rCI7ObT%2FsYWVLeZLOvP7ApgPx4JDb9y2pK9uuOcswSdsr1qJjZElglSre7XmPm%2FV5YWVcmvG31bH9DtufGb5gOFuqCrZzvDW55BQdqqGXoxQoNXcQcvVYwRPA%3D%3D  
 <request body omitted>
[debug] [2019-12-20T03:03:06.936Z] <<< HTTP RESPONSE 200
[info] +  functions: functions folder uploaded successfully
[debug] [2019-12-20T03:03:06.940Z] >>> HTTP REQUEST GET https://cloudfunctions.googleapis.com/v1/projects/pthg-6750e/locations/-/functions  
 
[debug] [2019-12-20T03:03:07.300Z] <<< HTTP RESPONSE 200
[info] i  functions: creating Node.js 8 function addAdminRole_1(us-central1)...
[debug] [2019-12-20T03:03:07.304Z] Trigger is:  {"httpsTrigger":{}}
[info] 
The following functions are found in your project but do not exist in your local source code:
	addAdminRole(us-central1)
	getUserByEmail(us-central1)
	listUsers(us-central1)

If you are renaming a function or changing its region, it is recommended that you create the new function first before deleting the old one to prevent event loss. For more info, visit https://firebase.google.com/docs/functions/manage-functions#modify

[info] i  functions: continuing with other deployments.
[debug] [2019-12-20T03:03:22.149Z] >>> HTTP REQUEST GET https://serviceusage.googleapis.com/v1/projects/pthg-6750e/services/cloudscheduler.googleapis.com  
 
[debug] [2019-12-20T03:03:23.407Z] <<< HTTP RESPONSE 200
[info] +  scheduler: all necessary APIs are enabled
[debug] [2019-12-20T03:03:23.409Z] >>> HTTP REQUEST POST https://cloudfunctions.googleapis.com/v1/projects/pthg-6750e/locations/us-central1/functions  

[debug] [2019-12-20T03:03:23.923Z] <<< HTTP RESPONSE 200
[debug] [2019-12-20T03:03:23.923Z] Setting public policy for function addAdminRole_1
[debug] [2019-12-20T03:03:23.924Z] >>> HTTP REQUEST POST https://cloudfunctions.googleapis.com/v1/projects/pthg-6750e/locations/us-central1/functions/addAdminRole_1:setIamPolicy  

[debug] [2019-12-20T03:03:24.370Z] <<< HTTP RESPONSE 200
[debug] [2019-12-20T03:03:24.371Z] >>> HTTP REQUEST GET https://cloudfunctions.googleapis.com/v1/projects/pthg-6750e/locations/-/functions  
 
[debug] [2019-12-20T03:03:24.731Z] <<< HTTP RESPONSE 200
[debug] [2019-12-20T03:03:24.732Z] >>> HTTP REQUEST GET https://cloudfunctions.googleapis.com/v1/operations/cHRoZy02NzUwZS91cy1jZW50cmFsMS9hZGRBZG1pblJvbGVfMS92b0ctakFvd2dabw  
 
[debug] [2019-12-20T03:03:24.992Z] <<< HTTP RESPONSE 200
[debug] [2019-12-20T03:03:26.994Z] >>> HTTP REQUEST GET https://cloudfunctions.googleapis.com/v1/operations/cHRoZy02NzUwZS91cy1jZW50cmFsMS9hZGRBZG1pblJvbGVfMS92b0ctakFvd2dabw  
 
[debug] [2019-12-20T03:03:27.240Z] <<< HTTP RESPONSE 200
[debug] [2019-12-20T03:03:29.241Z] >>> HTTP REQUEST GET https://cloudfunctions.googleapis.com/v1/operations/cHRoZy02NzUwZS91cy1jZW50cmFsMS9hZGRBZG1pblJvbGVfMS92b0ctakFvd2dabw  
 
[debug] [2019-12-20T03:03:29.490Z] <<< HTTP RESPONSE 200
[debug] [2019-12-20T03:03:31.491Z] >>> HTTP REQUEST GET https://cloudfunctions.googleapis.com/v1/operations/cHRoZy02NzUwZS91cy1jZW50cmFsMS9hZGRBZG1pblJvbGVfMS92b0ctakFvd2dabw  
 
[debug] [2019-12-20T03:03:31.740Z] <<< HTTP RESPONSE 200
[debug] [2019-12-20T03:03:33.741Z] >>> HTTP REQUEST GET https://cloudfunctions.googleapis.com/v1/operations/cHRoZy02NzUwZS91cy1jZW50cmFsMS9hZGRBZG1pblJvbGVfMS92b0ctakFvd2dabw  
 
[debug] [2019-12-20T03:03:33.990Z] <<< HTTP RESPONSE 200
[debug] [2019-12-20T03:03:35.990Z] >>> HTTP REQUEST GET https://cloudfunctions.googleapis.com/v1/operations/cHRoZy02NzUwZS91cy1jZW50cmFsMS9hZGRBZG1pblJvbGVfMS92b0ctakFvd2dabw  
 
[debug] [2019-12-20T03:03:36.234Z] <<< HTTP RESPONSE 200
[debug] [2019-12-20T03:03:38.236Z] >>> HTTP REQUEST GET https://cloudfunctions.googleapis.com/v1/operations/cHRoZy02NzUwZS91cy1jZW50cmFsMS9hZGRBZG1pblJvbGVfMS92b0ctakFvd2dabw  
 
[debug] [2019-12-20T03:03:38.493Z] <<< HTTP RESPONSE 200
[debug] [2019-12-20T03:03:40.494Z] >>> HTTP REQUEST GET https://cloudfunctions.googleapis.com/v1/operations/cHRoZy02NzUwZS91cy1jZW50cmFsMS9hZGRBZG1pblJvbGVfMS92b0ctakFvd2dabw  
 
[debug] [2019-12-20T03:03:40.742Z] <<< HTTP RESPONSE 200
[debug] [2019-12-20T03:03:42.743Z] >>> HTTP REQUEST GET https://cloudfunctions.googleapis.com/v1/operations/cHRoZy02NzUwZS91cy1jZW50cmFsMS9hZGRBZG1pblJvbGVfMS92b0ctakFvd2dabw  
 
[debug] [2019-12-20T03:03:42.994Z] <<< HTTP RESPONSE 200
